<?xml version="1.0" encoding="UTF-8"?>
<testsuite xmlns:xsi="http://www.w3.org/2001/XMLSchema-instance" xsi:noNamespaceSchemaLocation="https://maven.apache.org/surefire/maven-surefire-plugin/xsd/surefire-test-report.xsd" name="com.xuecheng.manage_course.dao.TestDao" time="20.996" tests="3" errors="0" skipped="0" failures="0">
  <properties>
    <property name="sun.desktop" value="windows"/>
    <property name="awt.toolkit" value="sun.awt.windows.WToolkit"/>
    <property name="file.encoding.pkg" value="sun.io"/>
    <property name="java.specification.version" value="1.8"/>
    <property name="sun.cpu.isalist" value="amd64"/>
    <property name="sun.jnu.encoding" value="GBK"/>
    <property name="java.class.path" value="K:\codes\education\XcEduCode\xc-service-manage-course\target\test-classes;K:\codes\education\XcEduCode\xc-service-manage-course\target\classes;J:\maven\CangKu\repository\com\xuecheng\xc-service-api\1.0-SNAPSHOT\xc-service-api-1.0-SNAPSHOT.jar;J:\maven\CangKu\repository\commons-fileupload\commons-fileupload\1.3.3\commons-fileupload-1.3.3.jar;J:\maven\CangKu\repository\io\springfox\springfox-swagger2\2.7.0\springfox-swagger2-2.7.0.jar;J:\maven\CangKu\repository\io\swagger\swagger-annotations\1.5.13\swagger-annotations-1.5.13.jar;J:\maven\CangKu\repository\io\swagger\swagger-models\1.5.13\swagger-models-1.5.13.jar;J:\maven\CangKu\repository\com\fasterxml\jackson\core\jackson-annotations\2.9.0\jackson-annotations-2.9.0.jar;J:\maven\CangKu\repository\io\springfox\springfox-spi\2.7.0\springfox-spi-2.7.0.jar;J:\maven\CangKu\repository\io\springfox\springfox-core\2.7.0\springfox-core-2.7.0.jar;J:\maven\CangKu\repository\io\springfox\springfox-schema\2.7.0\springfox-schema-2.7.0.jar;J:\maven\CangKu\repository\io\springfox\springfox-swagger-common\2.7.0\springfox-swagger-common-2.7.0.jar;J:\maven\CangKu\repository\io\springfox\springfox-spring-web\2.7.0\springfox-spring-web-2.7.0.jar;J:\maven\CangKu\repository\org\reflections\reflections\0.9.11\reflections-0.9.11.jar;J:\maven\CangKu\repository\com\fasterxml\classmate\1.3.4\classmate-1.3.4.jar;J:\maven\CangKu\repository\org\springframework\plugin\spring-plugin-core\1.2.0.RELEASE\spring-plugin-core-1.2.0.RELEASE.jar;J:\maven\CangKu\repository\org\springframework\plugin\spring-plugin-metadata\1.2.0.RELEASE\spring-plugin-metadata-1.2.0.RELEASE.jar;J:\maven\CangKu\repository\org\mapstruct\mapstruct\1.1.0.Final\mapstruct-1.1.0.Final.jar;J:\maven\CangKu\repository\io\springfox\springfox-swagger-ui\2.7.0\springfox-swagger-ui-2.7.0.jar;J:\maven\CangKu\repository\com\xuecheng\xc-framework-model\1.0-SNAPSHOT\xc-framework-model-1.0-SNAPSHOT.jar;J:\maven\CangKu\repository\org\projectlombok\lombok\1.18.18\lombok-1.18.18.jar;J:\maven\CangKu\repository\org\springframework\data\spring-data-commons\2.0.10.RELEASE\spring-data-commons-2.0.10.RELEASE.jar;J:\maven\CangKu\repository\org\springframework\data\spring-data-mongodb\2.0.10.RELEASE\spring-data-mongodb-2.0.10.RELEASE.jar;J:\maven\CangKu\repository\org\springframework\spring-context\5.0.9.RELEASE\spring-context-5.0.9.RELEASE.jar;J:\maven\CangKu\repository\org\springframework\spring-expression\5.0.9.RELEASE\spring-expression-5.0.9.RELEASE.jar;J:\maven\CangKu\repository\org\mongodb\mongo-java-driver\3.6.4\mongo-java-driver-3.6.4.jar;J:\maven\CangKu\repository\org\hibernate\hibernate-core\5.2.17.Final\hibernate-core-5.2.17.Final.jar;J:\maven\CangKu\repository\org\jboss\logging\jboss-logging\3.3.2.Final\jboss-logging-3.3.2.Final.jar;J:\maven\CangKu\repository\org\hibernate\javax\persistence\hibernate-jpa-2.1-api\1.0.2.Final\hibernate-jpa-2.1-api-1.0.2.Final.jar;J:\maven\CangKu\repository\org\javassist\javassist\3.22.0-GA\javassist-3.22.0-GA.jar;J:\maven\CangKu\repository\antlr\antlr\2.7.7\antlr-2.7.7.jar;J:\maven\CangKu\repository\org\jboss\spec\javax\transaction\jboss-transaction-api_1.2_spec\1.0.1.Final\jboss-transaction-api_1.2_spec-1.0.1.Final.jar;J:\maven\CangKu\repository\org\jboss\jandex\2.0.3.Final\jandex-2.0.3.Final.jar;J:\maven\CangKu\repository\dom4j\dom4j\1.6.1\dom4j-1.6.1.jar;J:\maven\CangKu\repository\org\hibernate\common\hibernate-commons-annotations\5.0.1.Final\hibernate-commons-annotations-5.0.1.Final.jar;J:\maven\CangKu\repository\com\google\guava\guava\24.0-jre\guava-24.0-jre.jar;J:\maven\CangKu\repository\com\google\code\findbugs\jsr305\1.3.9\jsr305-1.3.9.jar;J:\maven\CangKu\repository\org\checkerframework\checker-compat-qual\2.0.0\checker-compat-qual-2.0.0.jar;J:\maven\CangKu\repository\com\google\errorprone\error_prone_annotations\2.1.3\error_prone_annotations-2.1.3.jar;J:\maven\CangKu\repository\com\google\j2objc\j2objc-annotations\1.1\j2objc-annotations-1.1.jar;J:\maven\CangKu\repository\org\codehaus\mojo\animal-sniffer-annotations\1.14\animal-sniffer-annotations-1.14.jar;J:\maven\CangKu\repository\com\xuecheng\xc-framework-utils\1.0-SNAPSHOT\xc-framework-utils-1.0-SNAPSHOT.jar;J:\maven\CangKu\repository\javax\servlet\javax.servlet-api\3.1.0\javax.servlet-api-3.1.0.jar;J:\maven\CangKu\repository\org\springframework\boot\spring-boot-starter-logging\2.0.5.RELEASE\spring-boot-starter-logging-2.0.5.RELEASE.jar;J:\maven\CangKu\repository\ch\qos\logback\logback-classic\1.2.3\logback-classic-1.2.3.jar;J:\maven\CangKu\repository\ch\qos\logback\logback-core\1.2.3\logback-core-1.2.3.jar;J:\maven\CangKu\repository\org\apache\logging\log4j\log4j-to-slf4j\2.10.0\log4j-to-slf4j-2.10.0.jar;J:\maven\CangKu\repository\org\apache\logging\log4j\log4j-api\2.10.0\log4j-api-2.10.0.jar;J:\maven\CangKu\repository\org\slf4j\jul-to-slf4j\1.7.25\jul-to-slf4j-1.7.25.jar;J:\maven\CangKu\repository\org\apache\httpcomponents\httpclient\4.5.6\httpclient-4.5.6.jar;J:\maven\CangKu\repository\org\apache\httpcomponents\httpcore\4.4.10\httpcore-4.4.10.jar;J:\maven\CangKu\repository\commons-codec\commons-codec\1.10\commons-codec-1.10.jar;J:\maven\CangKu\repository\net\lingala\zip4j\zip4j\1.3.1\zip4j-1.3.1.jar;J:\maven\CangKu\repository\org\springframework\security\spring-security-crypto\5.0.8.RELEASE\spring-security-crypto-5.0.8.RELEASE.jar;J:\maven\CangKu\repository\org\springframework\security\spring-security-jwt\1.0.8.RELEASE\spring-security-jwt-1.0.8.RELEASE.jar;J:\maven\CangKu\repository\org\bouncycastle\bcpkix-jdk15on\1.56\bcpkix-jdk15on-1.56.jar;J:\maven\CangKu\repository\org\bouncycastle\bcprov-jdk15on\1.56\bcprov-jdk15on-1.56.jar;J:\maven\CangKu\repository\com\xuecheng\xc-framework-common\1.0-SNAPSHOT\xc-framework-common-1.0-SNAPSHOT.jar;J:\maven\CangKu\repository\org\springframework\spring-web\5.0.9.RELEASE\spring-web-5.0.9.RELEASE.jar;J:\maven\CangKu\repository\org\springframework\cloud\spring-cloud-starter-openfeign\2.0.1.RELEASE\spring-cloud-starter-openfeign-2.0.1.RELEASE.jar;J:\maven\CangKu\repository\org\springframework\cloud\spring-cloud-starter\2.0.1.RELEASE\spring-cloud-starter-2.0.1.RELEASE.jar;J:\maven\CangKu\repository\org\springframework\cloud\spring-cloud-context\2.0.1.RELEASE\spring-cloud-context-2.0.1.RELEASE.jar;J:\maven\CangKu\repository\org\springframework\security\spring-security-rsa\1.0.5.RELEASE\spring-security-rsa-1.0.5.RELEASE.jar;J:\maven\CangKu\repository\org\springframework\cloud\spring-cloud-openfeign-core\2.0.1.RELEASE\spring-cloud-openfeign-core-2.0.1.RELEASE.jar;J:\maven\CangKu\repository\org\springframework\cloud\spring-cloud-netflix-ribbon\2.0.1.RELEASE\spring-cloud-netflix-ribbon-2.0.1.RELEASE.jar;J:\maven\CangKu\repository\org\springframework\cloud\spring-cloud-netflix-archaius\2.0.1.RELEASE\spring-cloud-netflix-archaius-2.0.1.RELEASE.jar;J:\maven\CangKu\repository\org\springframework\cloud\spring-cloud-commons\2.0.1.RELEASE\spring-cloud-commons-2.0.1.RELEASE.jar;J:\maven\CangKu\repository\io\github\openfeign\feign-core\9.5.1\feign-core-9.5.1.jar;J:\maven\CangKu\repository\io\github\openfeign\feign-slf4j\9.5.1\feign-slf4j-9.5.1.jar;J:\maven\CangKu\repository\io\github\openfeign\feign-hystrix\9.5.1\feign-hystrix-9.5.1.jar;J:\maven\CangKu\repository\com\netflix\archaius\archaius-core\0.7.6\archaius-core-0.7.6.jar;J:\maven\CangKu\repository\commons-configuration\commons-configuration\1.8\commons-configuration-1.8.jar;J:\maven\CangKu\repository\commons-lang\commons-lang\2.6\commons-lang-2.6.jar;J:\maven\CangKu\repository\com\netflix\hystrix\hystrix-core\1.5.12\hystrix-core-1.5.12.jar;J:\maven\CangKu\repository\io\reactivex\rxjava\1.3.8\rxjava-1.3.8.jar;J:\maven\CangKu\repository\org\hdrhistogram\HdrHistogram\2.1.9\HdrHistogram-2.1.9.jar;J:\maven\CangKu\repository\io\github\openfeign\feign-java8\9.5.1\feign-java8-9.5.1.jar;J:\maven\CangKu\repository\org\springframework\boot\spring-boot-starter-web\2.0.5.RELEASE\spring-boot-starter-web-2.0.5.RELEASE.jar;J:\maven\CangKu\repository\org\springframework\boot\spring-boot-starter\2.0.5.RELEASE\spring-boot-starter-2.0.5.RELEASE.jar;J:\maven\CangKu\repository\org\springframework\boot\spring-boot\2.0.5.RELEASE\spring-boot-2.0.5.RELEASE.jar;J:\maven\CangKu\repository\javax\annotation\javax.annotation-api\1.3.2\javax.annotation-api-1.3.2.jar;J:\maven\CangKu\repository\org\yaml\snakeyaml\1.19\snakeyaml-1.19.jar;J:\maven\CangKu\repository\org\springframework\boot\spring-boot-starter-json\2.0.5.RELEASE\spring-boot-starter-json-2.0.5.RELEASE.jar;J:\maven\CangKu\repository\com\fasterxml\jackson\core\jackson-databind\2.9.6\jackson-databind-2.9.6.jar;J:\maven\CangKu\repository\com\fasterxml\jackson\core\jackson-core\2.9.6\jackson-core-2.9.6.jar;J:\maven\CangKu\repository\com\fasterxml\jackson\datatype\jackson-datatype-jdk8\2.9.6\jackson-datatype-jdk8-2.9.6.jar;J:\maven\CangKu\repository\com\fasterxml\jackson\datatype\jackson-datatype-jsr310\2.9.6\jackson-datatype-jsr310-2.9.6.jar;J:\maven\CangKu\repository\com\fasterxml\jackson\module\jackson-module-parameter-names\2.9.6\jackson-module-parameter-names-2.9.6.jar;J:\maven\CangKu\repository\org\springframework\boot\spring-boot-starter-tomcat\2.0.5.RELEASE\spring-boot-starter-tomcat-2.0.5.RELEASE.jar;J:\maven\CangKu\repository\org\apache\tomcat\embed\tomcat-embed-core\8.5.28\tomcat-embed-core-8.5.28.jar;J:\maven\CangKu\repository\org\apache\tomcat\embed\tomcat-embed-el\8.5.28\tomcat-embed-el-8.5.28.jar;J:\maven\CangKu\repository\org\apache\tomcat\embed\tomcat-embed-websocket\8.5.28\tomcat-embed-websocket-8.5.28.jar;J:\maven\CangKu\repository\org\hibernate\validator\hibernate-validator\6.0.12.Final\hibernate-validator-6.0.12.Final.jar;J:\maven\CangKu\repository\javax\validation\validation-api\2.0.1.Final\validation-api-2.0.1.Final.jar;J:\maven\CangKu\repository\org\springframework\spring-webmvc\5.0.9.RELEASE\spring-webmvc-5.0.9.RELEASE.jar;J:\maven\CangKu\repository\org\springframework\spring-aop\5.0.9.RELEASE\spring-aop-5.0.9.RELEASE.jar;J:\maven\CangKu\repository\mysql\mysql-connector-java\5.1.40\mysql-connector-java-5.1.40.jar;J:\maven\CangKu\repository\com\alibaba\druid-spring-boot-starter\1.1.10\druid-spring-boot-starter-1.1.10.jar;J:\maven\CangKu\repository\com\alibaba\druid\1.1.6\druid-1.1.6.jar;J:\maven\CangKu\repository\org\slf4j\slf4j-api\1.7.25\slf4j-api-1.7.25.jar;J:\maven\CangKu\repository\org\springframework\boot\spring-boot-autoconfigure\2.0.5.RELEASE\spring-boot-autoconfigure-2.0.5.RELEASE.jar;J:\maven\CangKu\repository\org\mybatis\spring\boot\mybatis-spring-boot-starter\1.3.1\mybatis-spring-boot-starter-1.3.1.jar;J:\maven\CangKu\repository\org\springframework\boot\spring-boot-starter-jdbc\2.0.5.RELEASE\spring-boot-starter-jdbc-2.0.5.RELEASE.jar;J:\maven\CangKu\repository\com\zaxxer\HikariCP\2.7.9\HikariCP-2.7.9.jar;J:\maven\CangKu\repository\org\mybatis\spring\boot\mybatis-spring-boot-autoconfigure\1.3.1\mybatis-spring-boot-autoconfigure-1.3.1.jar;J:\maven\CangKu\repository\org\mybatis\mybatis\3.4.5\mybatis-3.4.5.jar;J:\maven\CangKu\repository\org\mybatis\mybatis-spring\1.3.1\mybatis-spring-1.3.1.jar;J:\maven\CangKu\repository\org\springframework\spring-orm\5.0.5.RELEASE\spring-orm-5.0.5.RELEASE.jar;J:\maven\CangKu\repository\org\springframework\spring-beans\5.0.9.RELEASE\spring-beans-5.0.9.RELEASE.jar;J:\maven\CangKu\repository\org\springframework\spring-core\5.0.9.RELEASE\spring-core-5.0.9.RELEASE.jar;J:\maven\CangKu\repository\org\springframework\spring-jcl\5.0.9.RELEASE\spring-jcl-5.0.9.RELEASE.jar;J:\maven\CangKu\repository\org\springframework\spring-jdbc\5.0.9.RELEASE\spring-jdbc-5.0.9.RELEASE.jar;J:\maven\CangKu\repository\org\springframework\spring-tx\5.0.9.RELEASE\spring-tx-5.0.9.RELEASE.jar;J:\maven\CangKu\repository\org\springframework\boot\spring-boot-starter-data-jpa\2.0.5.RELEASE\spring-boot-starter-data-jpa-2.0.5.RELEASE.jar;J:\maven\CangKu\repository\org\springframework\boot\spring-boot-starter-aop\2.0.5.RELEASE\spring-boot-starter-aop-2.0.5.RELEASE.jar;J:\maven\CangKu\repository\org\aspectj\aspectjweaver\1.8.13\aspectjweaver-1.8.13.jar;J:\maven\CangKu\repository\javax\transaction\javax.transaction-api\1.2\javax.transaction-api-1.2.jar;J:\maven\CangKu\repository\org\springframework\data\spring-data-jpa\2.0.10.RELEASE\spring-data-jpa-2.0.10.RELEASE.jar;J:\maven\CangKu\repository\org\springframework\spring-aspects\5.0.9.RELEASE\spring-aspects-5.0.9.RELEASE.jar;J:\maven\CangKu\repository\com\squareup\okhttp3\okhttp\3.9.1\okhttp-3.9.1.jar;J:\maven\CangKu\repository\com\squareup\okio\okio\1.13.0\okio-1.13.0.jar;J:\maven\CangKu\repository\com\alibaba\fastjson\1.2.30\fastjson-1.2.30.jar;J:\maven\CangKu\repository\commons-io\commons-io\2.6\commons-io-2.6.jar;J:\maven\CangKu\repository\org\apache\commons\commons-lang3\3.6\commons-lang3-3.6.jar;J:\maven\CangKu\repository\org\springframework\boot\spring-boot-starter-test\2.0.5.RELEASE\spring-boot-starter-test-2.0.5.RELEASE.jar;J:\maven\CangKu\repository\org\springframework\boot\spring-boot-test\2.0.5.RELEASE\spring-boot-test-2.0.5.RELEASE.jar;J:\maven\CangKu\repository\org\springframework\boot\spring-boot-test-autoconfigure\2.0.5.RELEASE\spring-boot-test-autoconfigure-2.0.5.RELEASE.jar;J:\maven\CangKu\repository\com\jayway\jsonpath\json-path\2.4.0\json-path-2.4.0.jar;J:\maven\CangKu\repository\net\minidev\json-smart\2.3\json-smart-2.3.jar;J:\maven\CangKu\repository\net\minidev\accessors-smart\1.2\accessors-smart-1.2.jar;J:\maven\CangKu\repository\org\ow2\asm\asm\5.0.4\asm-5.0.4.jar;J:\maven\CangKu\repository\junit\junit\4.12\junit-4.12.jar;J:\maven\CangKu\repository\org\assertj\assertj-core\3.9.1\assertj-core-3.9.1.jar;J:\maven\CangKu\repository\org\mockito\mockito-core\2.15.0\mockito-core-2.15.0.jar;J:\maven\CangKu\repository\net\bytebuddy\byte-buddy\1.7.11\byte-buddy-1.7.11.jar;J:\maven\CangKu\repository\net\bytebuddy\byte-buddy-agent\1.7.11\byte-buddy-agent-1.7.11.jar;J:\maven\CangKu\repository\org\objenesis\objenesis\2.6\objenesis-2.6.jar;J:\maven\CangKu\repository\org\hamcrest\hamcrest-core\1.3\hamcrest-core-1.3.jar;J:\maven\CangKu\repository\org\hamcrest\hamcrest-library\1.3\hamcrest-library-1.3.jar;J:\maven\CangKu\repository\org\skyscreamer\jsonassert\1.5.0\jsonassert-1.5.0.jar;J:\maven\CangKu\repository\com\vaadin\external\google\android-json\0.0.20131108.vaadin1\android-json-0.0.20131108.vaadin1.jar;J:\maven\CangKu\repository\org\springframework\spring-test\5.0.9.RELEASE\spring-test-5.0.9.RELEASE.jar;J:\maven\CangKu\repository\org\xmlunit\xmlunit-core\2.5.1\xmlunit-core-2.5.1.jar;"/>
    <property name="java.vm.vendor" value="Oracle Corporation"/>
    <property name="sun.arch.data.model" value="64"/>
    <property name="user.variant" value=""/>
    <property name="java.vendor.url" value="http://java.oracle.com/"/>
    <property name="user.timezone" value=""/>
    <property name="java.vm.specification.version" value="1.8"/>
    <property name="os.name" value="Windows 10"/>
    <property name="user.country" value="CN"/>
    <property name="sun.java.launcher" value="SUN_STANDARD"/>
    <property name="sun.boot.library.path" value="J:\Java\jdk8\jre\bin"/>
    <property name="sun.java.command" value="M:\Users\ai\AppData\Local\Temp\surefire8275270945644200094\surefirebooter1202535853097440389.jar M:\Users\ai\AppData\Local\Temp\surefire8275270945644200094 2021-03-24T15-12-58_228-jvmRun1 surefire3065763303901983649tmp surefire_05538175637942209795tmp"/>
    <property name="surefire.test.class.path" value="K:\codes\education\XcEduCode\xc-service-manage-course\target\test-classes;K:\codes\education\XcEduCode\xc-service-manage-course\target\classes;J:\maven\CangKu\repository\com\xuecheng\xc-service-api\1.0-SNAPSHOT\xc-service-api-1.0-SNAPSHOT.jar;J:\maven\CangKu\repository\commons-fileupload\commons-fileupload\1.3.3\commons-fileupload-1.3.3.jar;J:\maven\CangKu\repository\io\springfox\springfox-swagger2\2.7.0\springfox-swagger2-2.7.0.jar;J:\maven\CangKu\repository\io\swagger\swagger-annotations\1.5.13\swagger-annotations-1.5.13.jar;J:\maven\CangKu\repository\io\swagger\swagger-models\1.5.13\swagger-models-1.5.13.jar;J:\maven\CangKu\repository\com\fasterxml\jackson\core\jackson-annotations\2.9.0\jackson-annotations-2.9.0.jar;J:\maven\CangKu\repository\io\springfox\springfox-spi\2.7.0\springfox-spi-2.7.0.jar;J:\maven\CangKu\repository\io\springfox\springfox-core\2.7.0\springfox-core-2.7.0.jar;J:\maven\CangKu\repository\io\springfox\springfox-schema\2.7.0\springfox-schema-2.7.0.jar;J:\maven\CangKu\repository\io\springfox\springfox-swagger-common\2.7.0\springfox-swagger-common-2.7.0.jar;J:\maven\CangKu\repository\io\springfox\springfox-spring-web\2.7.0\springfox-spring-web-2.7.0.jar;J:\maven\CangKu\repository\org\reflections\reflections\0.9.11\reflections-0.9.11.jar;J:\maven\CangKu\repository\com\fasterxml\classmate\1.3.4\classmate-1.3.4.jar;J:\maven\CangKu\repository\org\springframework\plugin\spring-plugin-core\1.2.0.RELEASE\spring-plugin-core-1.2.0.RELEASE.jar;J:\maven\CangKu\repository\org\springframework\plugin\spring-plugin-metadata\1.2.0.RELEASE\spring-plugin-metadata-1.2.0.RELEASE.jar;J:\maven\CangKu\repository\org\mapstruct\mapstruct\1.1.0.Final\mapstruct-1.1.0.Final.jar;J:\maven\CangKu\repository\io\springfox\springfox-swagger-ui\2.7.0\springfox-swagger-ui-2.7.0.jar;J:\maven\CangKu\repository\com\xuecheng\xc-framework-model\1.0-SNAPSHOT\xc-framework-model-1.0-SNAPSHOT.jar;J:\maven\CangKu\repository\org\projectlombok\lombok\1.18.18\lombok-1.18.18.jar;J:\maven\CangKu\repository\org\springframework\data\spring-data-commons\2.0.10.RELEASE\spring-data-commons-2.0.10.RELEASE.jar;J:\maven\CangKu\repository\org\springframework\data\spring-data-mongodb\2.0.10.RELEASE\spring-data-mongodb-2.0.10.RELEASE.jar;J:\maven\CangKu\repository\org\springframework\spring-context\5.0.9.RELEASE\spring-context-5.0.9.RELEASE.jar;J:\maven\CangKu\repository\org\springframework\spring-expression\5.0.9.RELEASE\spring-expression-5.0.9.RELEASE.jar;J:\maven\CangKu\repository\org\mongodb\mongo-java-driver\3.6.4\mongo-java-driver-3.6.4.jar;J:\maven\CangKu\repository\org\hibernate\hibernate-core\5.2.17.Final\hibernate-core-5.2.17.Final.jar;J:\maven\CangKu\repository\org\jboss\logging\jboss-logging\3.3.2.Final\jboss-logging-3.3.2.Final.jar;J:\maven\CangKu\repository\org\hibernate\javax\persistence\hibernate-jpa-2.1-api\1.0.2.Final\hibernate-jpa-2.1-api-1.0.2.Final.jar;J:\maven\CangKu\repository\org\javassist\javassist\3.22.0-GA\javassist-3.22.0-GA.jar;J:\maven\CangKu\repository\antlr\antlr\2.7.7\antlr-2.7.7.jar;J:\maven\CangKu\repository\org\jboss\spec\javax\transaction\jboss-transaction-api_1.2_spec\1.0.1.Final\jboss-transaction-api_1.2_spec-1.0.1.Final.jar;J:\maven\CangKu\repository\org\jboss\jandex\2.0.3.Final\jandex-2.0.3.Final.jar;J:\maven\CangKu\repository\dom4j\dom4j\1.6.1\dom4j-1.6.1.jar;J:\maven\CangKu\repository\org\hibernate\common\hibernate-commons-annotations\5.0.1.Final\hibernate-commons-annotations-5.0.1.Final.jar;J:\maven\CangKu\repository\com\google\guava\guava\24.0-jre\guava-24.0-jre.jar;J:\maven\CangKu\repository\com\google\code\findbugs\jsr305\1.3.9\jsr305-1.3.9.jar;J:\maven\CangKu\repository\org\checkerframework\checker-compat-qual\2.0.0\checker-compat-qual-2.0.0.jar;J:\maven\CangKu\repository\com\google\errorprone\error_prone_annotations\2.1.3\error_prone_annotations-2.1.3.jar;J:\maven\CangKu\repository\com\google\j2objc\j2objc-annotations\1.1\j2objc-annotations-1.1.jar;J:\maven\CangKu\repository\org\codehaus\mojo\animal-sniffer-annotations\1.14\animal-sniffer-annotations-1.14.jar;J:\maven\CangKu\repository\com\xuecheng\xc-framework-utils\1.0-SNAPSHOT\xc-framework-utils-1.0-SNAPSHOT.jar;J:\maven\CangKu\repository\javax\servlet\javax.servlet-api\3.1.0\javax.servlet-api-3.1.0.jar;J:\maven\CangKu\repository\org\springframework\boot\spring-boot-starter-logging\2.0.5.RELEASE\spring-boot-starter-logging-2.0.5.RELEASE.jar;J:\maven\CangKu\repository\ch\qos\logback\logback-classic\1.2.3\logback-classic-1.2.3.jar;J:\maven\CangKu\repository\ch\qos\logback\logback-core\1.2.3\logback-core-1.2.3.jar;J:\maven\CangKu\repository\org\apache\logging\log4j\log4j-to-slf4j\2.10.0\log4j-to-slf4j-2.10.0.jar;J:\maven\CangKu\repository\org\apache\logging\log4j\log4j-api\2.10.0\log4j-api-2.10.0.jar;J:\maven\CangKu\repository\org\slf4j\jul-to-slf4j\1.7.25\jul-to-slf4j-1.7.25.jar;J:\maven\CangKu\repository\org\apache\httpcomponents\httpclient\4.5.6\httpclient-4.5.6.jar;J:\maven\CangKu\repository\org\apache\httpcomponents\httpcore\4.4.10\httpcore-4.4.10.jar;J:\maven\CangKu\repository\commons-codec\commons-codec\1.10\commons-codec-1.10.jar;J:\maven\CangKu\repository\net\lingala\zip4j\zip4j\1.3.1\zip4j-1.3.1.jar;J:\maven\CangKu\repository\org\springframework\security\spring-security-crypto\5.0.8.RELEASE\spring-security-crypto-5.0.8.RELEASE.jar;J:\maven\CangKu\repository\org\springframework\security\spring-security-jwt\1.0.8.RELEASE\spring-security-jwt-1.0.8.RELEASE.jar;J:\maven\CangKu\repository\org\bouncycastle\bcpkix-jdk15on\1.56\bcpkix-jdk15on-1.56.jar;J:\maven\CangKu\repository\org\bouncycastle\bcprov-jdk15on\1.56\bcprov-jdk15on-1.56.jar;J:\maven\CangKu\repository\com\xuecheng\xc-framework-common\1.0-SNAPSHOT\xc-framework-common-1.0-SNAPSHOT.jar;J:\maven\CangKu\repository\org\springframework\spring-web\5.0.9.RELEASE\spring-web-5.0.9.RELEASE.jar;J:\maven\CangKu\repository\org\springframework\cloud\spring-cloud-starter-openfeign\2.0.1.RELEASE\spring-cloud-starter-openfeign-2.0.1.RELEASE.jar;J:\maven\CangKu\repository\org\springframework\cloud\spring-cloud-starter\2.0.1.RELEASE\spring-cloud-starter-2.0.1.RELEASE.jar;J:\maven\CangKu\repository\org\springframework\cloud\spring-cloud-context\2.0.1.RELEASE\spring-cloud-context-2.0.1.RELEASE.jar;J:\maven\CangKu\repository\org\springframework\security\spring-security-rsa\1.0.5.RELEASE\spring-security-rsa-1.0.5.RELEASE.jar;J:\maven\CangKu\repository\org\springframework\cloud\spring-cloud-openfeign-core\2.0.1.RELEASE\spring-cloud-openfeign-core-2.0.1.RELEASE.jar;J:\maven\CangKu\repository\org\springframework\cloud\spring-cloud-netflix-ribbon\2.0.1.RELEASE\spring-cloud-netflix-ribbon-2.0.1.RELEASE.jar;J:\maven\CangKu\repository\org\springframework\cloud\spring-cloud-netflix-archaius\2.0.1.RELEASE\spring-cloud-netflix-archaius-2.0.1.RELEASE.jar;J:\maven\CangKu\repository\org\springframework\cloud\spring-cloud-commons\2.0.1.RELEASE\spring-cloud-commons-2.0.1.RELEASE.jar;J:\maven\CangKu\repository\io\github\openfeign\feign-core\9.5.1\feign-core-9.5.1.jar;J:\maven\CangKu\repository\io\github\openfeign\feign-slf4j\9.5.1\feign-slf4j-9.5.1.jar;J:\maven\CangKu\repository\io\github\openfeign\feign-hystrix\9.5.1\feign-hystrix-9.5.1.jar;J:\maven\CangKu\repository\com\netflix\archaius\archaius-core\0.7.6\archaius-core-0.7.6.jar;J:\maven\CangKu\repository\commons-configuration\commons-configuration\1.8\commons-configuration-1.8.jar;J:\maven\CangKu\repository\commons-lang\commons-lang\2.6\commons-lang-2.6.jar;J:\maven\CangKu\repository\com\netflix\hystrix\hystrix-core\1.5.12\hystrix-core-1.5.12.jar;J:\maven\CangKu\repository\io\reactivex\rxjava\1.3.8\rxjava-1.3.8.jar;J:\maven\CangKu\repository\org\hdrhistogram\HdrHistogram\2.1.9\HdrHistogram-2.1.9.jar;J:\maven\CangKu\repository\io\github\openfeign\feign-java8\9.5.1\feign-java8-9.5.1.jar;J:\maven\CangKu\repository\org\springframework\boot\spring-boot-starter-web\2.0.5.RELEASE\spring-boot-starter-web-2.0.5.RELEASE.jar;J:\maven\CangKu\repository\org\springframework\boot\spring-boot-starter\2.0.5.RELEASE\spring-boot-starter-2.0.5.RELEASE.jar;J:\maven\CangKu\repository\org\springframework\boot\spring-boot\2.0.5.RELEASE\spring-boot-2.0.5.RELEASE.jar;J:\maven\CangKu\repository\javax\annotation\javax.annotation-api\1.3.2\javax.annotation-api-1.3.2.jar;J:\maven\CangKu\repository\org\yaml\snakeyaml\1.19\snakeyaml-1.19.jar;J:\maven\CangKu\repository\org\springframework\boot\spring-boot-starter-json\2.0.5.RELEASE\spring-boot-starter-json-2.0.5.RELEASE.jar;J:\maven\CangKu\repository\com\fasterxml\jackson\core\jackson-databind\2.9.6\jackson-databind-2.9.6.jar;J:\maven\CangKu\repository\com\fasterxml\jackson\core\jackson-core\2.9.6\jackson-core-2.9.6.jar;J:\maven\CangKu\repository\com\fasterxml\jackson\datatype\jackson-datatype-jdk8\2.9.6\jackson-datatype-jdk8-2.9.6.jar;J:\maven\CangKu\repository\com\fasterxml\jackson\datatype\jackson-datatype-jsr310\2.9.6\jackson-datatype-jsr310-2.9.6.jar;J:\maven\CangKu\repository\com\fasterxml\jackson\module\jackson-module-parameter-names\2.9.6\jackson-module-parameter-names-2.9.6.jar;J:\maven\CangKu\repository\org\springframework\boot\spring-boot-starter-tomcat\2.0.5.RELEASE\spring-boot-starter-tomcat-2.0.5.RELEASE.jar;J:\maven\CangKu\repository\org\apache\tomcat\embed\tomcat-embed-core\8.5.28\tomcat-embed-core-8.5.28.jar;J:\maven\CangKu\repository\org\apache\tomcat\embed\tomcat-embed-el\8.5.28\tomcat-embed-el-8.5.28.jar;J:\maven\CangKu\repository\org\apache\tomcat\embed\tomcat-embed-websocket\8.5.28\tomcat-embed-websocket-8.5.28.jar;J:\maven\CangKu\repository\org\hibernate\validator\hibernate-validator\6.0.12.Final\hibernate-validator-6.0.12.Final.jar;J:\maven\CangKu\repository\javax\validation\validation-api\2.0.1.Final\validation-api-2.0.1.Final.jar;J:\maven\CangKu\repository\org\springframework\spring-webmvc\5.0.9.RELEASE\spring-webmvc-5.0.9.RELEASE.jar;J:\maven\CangKu\repository\org\springframework\spring-aop\5.0.9.RELEASE\spring-aop-5.0.9.RELEASE.jar;J:\maven\CangKu\repository\mysql\mysql-connector-java\5.1.40\mysql-connector-java-5.1.40.jar;J:\maven\CangKu\repository\com\alibaba\druid-spring-boot-starter\1.1.10\druid-spring-boot-starter-1.1.10.jar;J:\maven\CangKu\repository\com\alibaba\druid\1.1.6\druid-1.1.6.jar;J:\maven\CangKu\repository\org\slf4j\slf4j-api\1.7.25\slf4j-api-1.7.25.jar;J:\maven\CangKu\repository\org\springframework\boot\spring-boot-autoconfigure\2.0.5.RELEASE\spring-boot-autoconfigure-2.0.5.RELEASE.jar;J:\maven\CangKu\repository\org\mybatis\spring\boot\mybatis-spring-boot-starter\1.3.1\mybatis-spring-boot-starter-1.3.1.jar;J:\maven\CangKu\repository\org\springframework\boot\spring-boot-starter-jdbc\2.0.5.RELEASE\spring-boot-starter-jdbc-2.0.5.RELEASE.jar;J:\maven\CangKu\repository\com\zaxxer\HikariCP\2.7.9\HikariCP-2.7.9.jar;J:\maven\CangKu\repository\org\mybatis\spring\boot\mybatis-spring-boot-autoconfigure\1.3.1\mybatis-spring-boot-autoconfigure-1.3.1.jar;J:\maven\CangKu\repository\org\mybatis\mybatis\3.4.5\mybatis-3.4.5.jar;J:\maven\CangKu\repository\org\mybatis\mybatis-spring\1.3.1\mybatis-spring-1.3.1.jar;J:\maven\CangKu\repository\org\springframework\spring-orm\5.0.5.RELEASE\spring-orm-5.0.5.RELEASE.jar;J:\maven\CangKu\repository\org\springframework\spring-beans\5.0.9.RELEASE\spring-beans-5.0.9.RELEASE.jar;J:\maven\CangKu\repository\org\springframework\spring-core\5.0.9.RELEASE\spring-core-5.0.9.RELEASE.jar;J:\maven\CangKu\repository\org\springframework\spring-jcl\5.0.9.RELEASE\spring-jcl-5.0.9.RELEASE.jar;J:\maven\CangKu\repository\org\springframework\spring-jdbc\5.0.9.RELEASE\spring-jdbc-5.0.9.RELEASE.jar;J:\maven\CangKu\repository\org\springframework\spring-tx\5.0.9.RELEASE\spring-tx-5.0.9.RELEASE.jar;J:\maven\CangKu\repository\org\springframework\boot\spring-boot-starter-data-jpa\2.0.5.RELEASE\spring-boot-starter-data-jpa-2.0.5.RELEASE.jar;J:\maven\CangKu\repository\org\springframework\boot\spring-boot-starter-aop\2.0.5.RELEASE\spring-boot-starter-aop-2.0.5.RELEASE.jar;J:\maven\CangKu\repository\org\aspectj\aspectjweaver\1.8.13\aspectjweaver-1.8.13.jar;J:\maven\CangKu\repository\javax\transaction\javax.transaction-api\1.2\javax.transaction-api-1.2.jar;J:\maven\CangKu\repository\org\springframework\data\spring-data-jpa\2.0.10.RELEASE\spring-data-jpa-2.0.10.RELEASE.jar;J:\maven\CangKu\repository\org\springframework\spring-aspects\5.0.9.RELEASE\spring-aspects-5.0.9.RELEASE.jar;J:\maven\CangKu\repository\com\squareup\okhttp3\okhttp\3.9.1\okhttp-3.9.1.jar;J:\maven\CangKu\repository\com\squareup\okio\okio\1.13.0\okio-1.13.0.jar;J:\maven\CangKu\repository\com\alibaba\fastjson\1.2.30\fastjson-1.2.30.jar;J:\maven\CangKu\repository\commons-io\commons-io\2.6\commons-io-2.6.jar;J:\maven\CangKu\repository\org\apache\commons\commons-lang3\3.6\commons-lang3-3.6.jar;J:\maven\CangKu\repository\org\springframework\boot\spring-boot-starter-test\2.0.5.RELEASE\spring-boot-starter-test-2.0.5.RELEASE.jar;J:\maven\CangKu\repository\org\springframework\boot\spring-boot-test\2.0.5.RELEASE\spring-boot-test-2.0.5.RELEASE.jar;J:\maven\CangKu\repository\org\springframework\boot\spring-boot-test-autoconfigure\2.0.5.RELEASE\spring-boot-test-autoconfigure-2.0.5.RELEASE.jar;J:\maven\CangKu\repository\com\jayway\jsonpath\json-path\2.4.0\json-path-2.4.0.jar;J:\maven\CangKu\repository\net\minidev\json-smart\2.3\json-smart-2.3.jar;J:\maven\CangKu\repository\net\minidev\accessors-smart\1.2\accessors-smart-1.2.jar;J:\maven\CangKu\repository\org\ow2\asm\asm\5.0.4\asm-5.0.4.jar;J:\maven\CangKu\repository\junit\junit\4.12\junit-4.12.jar;J:\maven\CangKu\repository\org\assertj\assertj-core\3.9.1\assertj-core-3.9.1.jar;J:\maven\CangKu\repository\org\mockito\mockito-core\2.15.0\mockito-core-2.15.0.jar;J:\maven\CangKu\repository\net\bytebuddy\byte-buddy\1.7.11\byte-buddy-1.7.11.jar;J:\maven\CangKu\repository\net\bytebuddy\byte-buddy-agent\1.7.11\byte-buddy-agent-1.7.11.jar;J:\maven\CangKu\repository\org\objenesis\objenesis\2.6\objenesis-2.6.jar;J:\maven\CangKu\repository\org\hamcrest\hamcrest-core\1.3\hamcrest-core-1.3.jar;J:\maven\CangKu\repository\org\hamcrest\hamcrest-library\1.3\hamcrest-library-1.3.jar;J:\maven\CangKu\repository\org\skyscreamer\jsonassert\1.5.0\jsonassert-1.5.0.jar;J:\maven\CangKu\repository\com\vaadin\external\google\android-json\0.0.20131108.vaadin1\android-json-0.0.20131108.vaadin1.jar;J:\maven\CangKu\repository\org\springframework\spring-test\5.0.9.RELEASE\spring-test-5.0.9.RELEASE.jar;J:\maven\CangKu\repository\org\xmlunit\xmlunit-core\2.5.1\xmlunit-core-2.5.1.jar;"/>
    <property name="sun.cpu.endian" value="little"/>
    <property name="user.home" value="M:\Users\ai"/>
    <property name="user.language" value="zh"/>
    <property name="java.specification.vendor" value="Oracle Corporation"/>
    <property name="java.home" value="J:\Java\jdk8\jre"/>
    <property name="basedir" value="K:\codes\education\XcEduCode\xc-service-manage-course"/>
    <property name="file.separator" value="\"/>
    <property name="line.separator" value="&#10;"/>
    <property name="java.vm.specification.vendor" value="Oracle Corporation"/>
    <property name="java.specification.name" value="Java Platform API Specification"/>
    <property name="java.awt.graphicsenv" value="sun.awt.Win32GraphicsEnvironment"/>
    <property name="surefire.real.class.path" value="M:\Users\ai\AppData\Local\Temp\surefire8275270945644200094\surefirebooter1202535853097440389.jar"/>
    <property name="sun.boot.class.path" value="J:\Java\jdk8\jre\lib\resources.jar;J:\Java\jdk8\jre\lib\rt.jar;J:\Java\jdk8\jre\lib\sunrsasign.jar;J:\Java\jdk8\jre\lib\jsse.jar;J:\Java\jdk8\jre\lib\jce.jar;J:\Java\jdk8\jre\lib\charsets.jar;J:\Java\jdk8\jre\lib\jfr.jar;J:\Java\jdk8\jre\classes"/>
    <property name="user.script" value=""/>
    <property name="sun.management.compiler" value="HotSpot 64-Bit Tiered Compilers"/>
    <property name="java.runtime.version" value="1.8.0_261-b12"/>
    <property name="user.name" value="ai"/>
    <property name="path.separator" value=";"/>
    <property name="os.version" value="10.0"/>
    <property name="java.endorsed.dirs" value="J:\Java\jdk8\jre\lib\endorsed"/>
    <property name="java.runtime.name" value="Java(TM) SE Runtime Environment"/>
    <property name="file.encoding" value="GBK"/>
    <property name="java.vm.name" value="Java HotSpot(TM) 64-Bit Server VM"/>
    <property name="localRepository" value="J:\maven\CangKu\repository"/>
    <property name="java.vendor.url.bug" value="http://bugreport.sun.com/bugreport/"/>
    <property name="java.io.tmpdir" value="M:\Users\ai\AppData\Local\Temp\"/>
    <property name="idea.version" value="2020.3.2"/>
    <property name="java.version" value="1.8.0_261"/>
    <property name="user.dir" value="K:\codes\education\XcEduCode\xc-service-manage-course"/>
    <property name="os.arch" value="amd64"/>
    <property name="java.vm.specification.name" value="Java Virtual Machine Specification"/>
    <property name="java.awt.printerjob" value="sun.awt.windows.WPrinterJob"/>
    <property name="sun.os.patch.level" value=""/>
    <property name="java.library.path" value="J:\Java\jdk8\jre\bin;M:\WINDOWS\Sun\Java\bin;M:\WINDOWS\system32;M:\WINDOWS;M:\Python39\Scripts\;M:\Python39\;J:\VMware16full\bin\;M:\Program Files (x86)\NetSarang\Xshell 6\;M:\WINDOWS\system32;M:\WINDOWS;M:\WINDOWS\System32\Wbem;M:\WINDOWS\System32\WindowsPowerShell\v1.0\;M:\WINDOWS\System32\OpenSSH\;J:\java\jdk1.8.144\bin;J:\Python\python3.8.1;J:\Git\cmd;J:\maven\maven3.6.3\bin;J:\MySQL5.5.40\bin;M:\Windows\System32;J:\redis_ZTIT\;M:\Program Files\MySQL\MySQL Utilities 1.6\;M:\ProgramData\chocolatey\bin;M:\Program Files\MySQL\MySQL Server 5.7\bin;J:\ExtJsUIDesinger;J:\OpenSSL-Win64\bin;M:\Python39\Lib\site-packages\django\bin;J:\Go\bin;J:\SVN_1.14\bin;J:\hadoop2.7.5\bin;M:\Program Files\Docker\Docker\resources\bin;M:\ProgramData\DockerDesktop\version-bin;M:\Program Files\nodejs\;J:\Xmanager\;M:\Program Files\Microsoft SQL Server\130\Tools\Binn\;J:\RabbitMQ\erl10.1\bin;J:\;M:\Users\ai\AppData\Local\Microsoft\WindowsApps;J:\Devtools\IDE2020.2\DataGrip\bin;J:\Devtools\IDE2020.2\PyCharm\bin;J:\Devtools\IDE2020.2\IntelliJ\bin;M:\Users\ai\AppData\Local\GitHubDesktop\bin;J:\PhpStorm\PhpStorm2020\bin;;J:\WebStorm\WebStorm2020.2.2\bin;;J:\VSCode\bin;M:\Program Files\JetBrains\IntelliJ IDEA 2020.3.2\bin;;J:\GoLand_2020.3\bin;;J:\360zip\;M:\Users\ai\AppData\Roaming\npm;J:\Devtools\PyCharm2020.3.3\bin;;J:\Clion2020\CLion 2020.3.3\bin;;."/>
    <property name="java.vm.info" value="mixed mode"/>
    <property name="java.vendor" value="Oracle Corporation"/>
    <property name="java.vm.version" value="25.261-b12"/>
    <property name="java.ext.dirs" value="J:\Java\jdk8\jre\lib\ext;M:\WINDOWS\Sun\Java\lib\ext"/>
    <property name="sun.io.unicode.encoding" value="UnicodeLittle"/>
    <property name="maven.repo.local" value="J:\maven\CangKu\repository"/>
    <property name="java.class.version" value="52.0"/>
  </properties>
  <testcase name="testCourseMapper" classname="com.xuecheng.manage_course.dao.TestDao" time="0.003"/>
  <testcase name="testCourseBaseRepository" classname="com.xuecheng.manage_course.dao.TestDao" time="0.011"/>
  <testcase name="testFindTeachplan" classname="com.xuecheng.manage_course.dao.TestDao" time="0.002"/>
</testsuite>